<?xml version="1.0" encoding="UTF-8"?>
<!-- Generated by org.testng.reporters.JUnitReportReporter -->
<testsuite hostname="LAPTOP-F0LCQNDP" failures="0" tests="2" name="executions.amazonrunner" time="35.040" errors="0" timestamp="2024-01-27T15:11:43 IST" skipped="0">
  <testcase classname="executions.amazonrunner" name="runScenario" time="15.699"/>
  <system-out/>
  <testcase classname="executions.amazonrunner" name="runScenario" time="19.341"/>
  <system-out/>
</testsuite> <!-- executions.amazonrunner -->
