<?xml version="1.0" encoding="UTF-8"?>
<!-- Generated by org.testng.reporters.JUnitReportReporter -->
<testsuite hostname="LAPTOP-F0LCQNDP" failures="0" tests="2" name="executions.amazonrunner" time="31.207" errors="0" timestamp="2024-01-27T15:25:12 IST" skipped="0">
  <testcase classname="executions.amazonrunner" name="runScenario" time="16.618"/>
  <system-out/>
  <testcase classname="executions.amazonrunner" name="runScenario" time="14.589"/>
  <system-out/>
</testsuite> <!-- executions.amazonrunner -->
